DaYingJia/proguard/seeds.txt
com.hzwydyj.finace.MyApplication
com.hzwydyj.finace.MyApplication: MyApplication()
com.hzwydyj.finace.R$anim: int addkeep
com.hzwydyj.finace.R$anim: int bubble_anim
com.hzwydyj.finace.R$anim: int drawable_progress
com.hzwydyj.finace.R$anim: int fadein
com.hzwydyj.finace.R$anim: int slide_in_left
com.hzwydyj.finace.R$anim: int slide_in_right
com.hzwydyj.finace.R$anim: int slide_out_left
com.hzwydyj.finace.R$anim: int slide_out_right
com.hzwydyj.finace.R$anim: int ug_gradual_change_hide
com.hzwydyj.finace.R$anim: int ug_gradual_change_show
com.hzwydyj.finace.R$array: int chosetime
com.hzwydyj.finace.R$array: int news_drawer_array
com.hzwydyj.finace.R$array: int planets_array
com.hzwydyj.finace.R$array: int typeitem
com.hzwydyj.finace.R$color: int Grey
com.hzwydyj.finace.R$color: int LightGray
com.hzwydyj.finace.R$color: int back_button
com.hzwydyj.finace.R$color: int black
com.hzwydyj.finace.R$color: int bottombar_01
com.hzwydyj.finace.R$color: int bottombar_02
com.hzwydyj.finace.R$color: int bottombar_03
com.hzwydyj.finace.R$color: int bottombar_04
com.hzwydyj.finace.R$color: int bottombar_05
com.hzwydyj.finace.R$color: int btn_top_pressed
com.hzwydyj.finace.R$color: int ccc
com.hzwydyj.finace.R$color: int child_bg
com.hzwydyj.finace.R$color: int chosebutton
com.hzwydyj.finace.R$color: int color
com.hzwydyj.finace.R$color: int color_dark
com.hzwydyj.finace.R$color: int color_divider
com.hzwydyj.finace.R$color: int color_text
com.hzwydyj.finace.R$color: int corner_round
com.hzwydyj.finace.R$color: int corner_round_bottom
com.hzwydyj.finace.R$color: int corner_round_top
com.hzwydyj.finace.R$color: int corner_shape
com.hzwydyj.finace.R$color: int dot_focused
com.hzwydyj.finace.R$color: int dot_normal
com.hzwydyj.finace.R$color: int gary
com.hzwydyj.finace.R$color: int gold
com.hzwydyj.finace.R$color: int green
com.hzwydyj.finace.R$color: int home_btn_09c
com.hzwydyj.finace.R$color: int home_btn_09c_back
com.hzwydyj.finace.R$color: int home_btn_690
com.hzwydyj.finace.R$color: int home_btn_690_back
com.hzwydyj.finace.R$color: int home_btn_93c
com.hzwydyj.finace.R$color: int home_btn_93c_back
com.hzwydyj.finace.R$color: int home_btn_c00
com.hzwydyj.finace.R$dimen: int actionbar_h
com.hzwydyj.finace.R$dimen: int bottombar_h
com.hzwydyj.finace.R$dimen: int drawer_w
com.hzwydyj.finace.R$dimen: int home_ad_title_s
com.hzwydyj.finace.R$dimen: int home_btn
com.hzwydyj.finace.R$dimen: int home_btn_img_hw
com.hzwydyj.finace.R$dimen: int home_btn_refresh
com.hzwydyj.finace.R$dimen: int home_btn_text_s
com.hzwydyj.finace.R$dimen: int listbar_h
com.hzwydyj.finace.R$dimen: int listbar_name_w
com.hzwydyj.finace.R$dimen: int paddinglr
com.hzwydyj.finace.R$dimen: int paddinglr_x2
com.hzwydyj.finace.R$dimen: int price_item_height
com.hzwydyj.finace.R$dimen: int price_item_text
com.hzwydyj.finace.R$dimen: int priceview_bottom_h
com.hzwydyj.finace.R$dimen: int priceview_bottom_text_s
com.hzwydyj.finace.R$dimen: int tabbar_h
com.hzwydyj.finace.R$dimen: int titlebar_h
com.hzwydyj.finace.R$dimen: int titlebar_left_textview_s
com.hzwydyj.finace.R$dimen: int titlebar_title_s
com.hzwydyj.finace.R$dimen: int yellowbar_height
...
com.tencent.android.tpush.XGIResult
com.tencent.android.tpush.XGIResult: void parseIntent(android.content.Intent)
com.tencent.android.tpush.XGLocalMessage
com.tencent.android.tpush.XGLocalMessage: int a
com.tencent.android.tpush.XGLocalMessage: java.lang.String b
com.tencent.android.tpush.XGLocalMessage: java.lang.String c
com.tencent.android.tpush.XGLocalMessage: java.lang.String d
com.tencent.android.tpush.XGLocalMessage: java.lang.String e
com.tencent.android.tpush.XGLocalMessage: java.lang.String f
com.tencent.android.tpush.XGLocalMessage: long g
com.tencent.android.tpush.XGLocalMessage: XGLocalMessage()
com.tencent.android.tpush.XGLocalMessage: int getType()
com.tencent.android.tpush.XGLocalMessage: void setType(int)
com.tencent.android.tpush.XGLocalMessage: java.lang.String getTitle()
com.tencent.android.tpush.XGLocalMessage: void setTitle(java.lang.String)
com.tencent.android.tpush.XGLocalMessage: java.lang.String getContent()
com.tencent.android.tpush.XGLocalMessage: void setContent(java.lang.String)
com.tencent.android.tpush.XGLocalMessage: java.lang.String getHour()
com.tencent.android.tpush.XGLocalMessage: void setHour(java.lang.String)
com.tencent.android.tpush.XGLocalMessage: java.lang.String getMin()
com.tencent.android.tpush.XGLocalMessage: void setMin(java.lang.String)
com.tencent.android.tpush.XGLocalMessage: long getBuilderId()
com.tencent.android.tpush.XGLocalMessage: void setBuilderId(long)
com.tencent.android.tpush.XGLocalMessage: java.lang.String getDate()
com.tencent.android.tpush.XGLocalMessage: void setDate(java.lang.String)
com.tencent.android.tpush.XGPro
com.tencent.android.tpush.XGPro: java.lang.String TPUSH_ENABLE_PRO
com.tencent.android.tpush.XGPro: com.tencent.android.tpush.XGPro a
com.tencent.android.tpush.XGPro: android.content.Context b
com.tencent.android.tpush.XGPro: java.lang.Class c
com.tencent.android.tpush.XGPro: java.lang.Class d
com.tencent.android.tpush.XGPro: java.lang.Class e
com.tencent.android.tpush.XGPro: java.lang.Class f
com.tencent.android.tpush.XGPro: java.lang.Object g
com.tencent.android.tpush.XGPro: java.lang.reflect.Method h
com.tencent.android.tpush.XGPro: java.lang.reflect.Method i
com.tencent.android.tpush.XGPro: java.lang.reflect.Method j
com.tencent.android.tpush.XGPro: int k
com.tencent.android.tpush.XGPro: boolean l
com.tencent.android.tpush.XGPro: XGPro(android.content.Context)
com.tencent.android.tpush.XGPro: com.tencent.android.tpush.XGPro a(android.content.Context)
com.tencent.android.tpush.XGPro: void a(java.lang.String,java.util.Properties)
com.tencent.android.tpush.XGPro: void b()
com.tencent.android.tpush.XGPro: void a(boolean)
com.tencent.android.tpush.XGPro: boolean a()
com.tencent.android.tpush.XGPro: void enableXGPro(android.content.Context,boolean)
com.tencent.android.tpush.XGPro: boolean isEnableXGPro(android.content.Context)
com.tencent.android.tpush.XGPro: void <clinit>()
com.tencent.android.tpush.XGPushActivity
com.tencent.android.tpush.XGPushActivity: XGPushActivity()
com.tencent.android.tpush.XGPushActivity: void onCreate(android.os.Bundle)
com.tencent.android.tpush.XGPushActivity: void pushClickedResult(android.content.Intent)
com.tencent.android.tpush.XGPushActivity: void showAlertDialog(android.content.Intent)
com.tencent.android.tpush.XGPushActivity: void broadcastToTPushService(android.content.Intent)
com.tencent.android.tpush.XGPushActivity: void onStart()
com.tencent.android.tpush.XGPushActivity: void onResume()
com.tencent.android.tpush.XGPushActivity: void onPause()
com.tencent.android.tpush.XGPushActivity: void onStop()
com.tencent.android.tpush.XGPushActivity: void access$000(com.tencent.android.tpush.XGPushActivity,android.content.Intent)