DaYingJia/proguard/mapping.txt
com.hzwydyj.finace.MyApplication -> com.hzwydyj.finace.MyApplication:
    android.content.Context CONTEXT -> a
    com.hzwydyj.finace.utils.MyLogger log -> b
    java.lang.String LastId -> c
    java.lang.String firstId -> d
    void onCreate() -> onCreate
    java.lang.String getLastId() -> a
    void setLastId(java.lang.String) -> a
    java.lang.String getFirstId() -> b
    void setFirstId(java.lang.String) -> b
    void onTerminate() -> onTerminate
com.hzwydyj.finace.R -> com.hzwydyj.finace.a:
com.hzwydyj.finace.R$drawable -> com.hzwydyj.finace.b:
    int _nav_bg -> _nav_bg
    int a -> a
    int action_search -> action_search
    int apply_name -> apply_name
    int aud -> aud
    int banner -> banner
    int bg_bubble -> bg_bubble
    int bg_bubble_p -> bg_bubble_p
    int bg_bubble_playing -> bg_bubble_playing
    int bhome_1 -> bhome_1
    int bhome_1_hover -> bhome_1_hover
    int bhome_2 -> bhome_2
    int bhome_2_hover -> bhome_2_hover
    int bhome_3 -> bhome_3
    int bhome_3_hover -> bhome_3_hover
    int bhome_4 -> bhome_4
    int bhome_4_hover -> bhome_4_hover
    int bhome_5 -> bhome_5
    int bhome_5_hover -> bhome_5_hover
    int bhome_s_5 -> bhome_s_5
    int borderlist -> borderlist
    int btn_radio_on_disabled_holo_dark -> btn_radio_on_disabled_holo_dark
    int btn_radio_on_focused_holo_light -> btn_radio_on_focused_holo_light
    int btn_radio_on_holo_dark -> btn_radio_on_holo_dark
    int btn_radio_on_holo_dark2 -> btn_radio_on_holo_dark2
    int btn_rating_star_off_disabled_holo_dark -> btn_rating_star_off_disabled_holo_dark
    int btuzhibiao -> btuzhibiao
    int cad -> cad
    int cancel -> cancel
    int card_background_training_flat -> card_background_training_flat
    int check_box -> check_box
    int chf -> chf
    int choseindex -> choseindex
    int choseline -> choseline
    int choseline_press -> choseline_press
    int chosetime -> chosetime
    int collapse -> collapse
com.hzwydyj.finace.activitys.AnaltstsWebView -> com.hzwydyj.finace.activitys.AnaltstsWebView:
    android.webkit.WebView awebview -> a
    java.lang.String webViewURL -> b
    void onCreate(android.os.Bundle) -> onCreate
    void webHtml() -> a
    void onClick(android.view.View) -> onClick
    boolean onKeyDown(int,android.view.KeyEvent) -> onKeyDown
com.hzwydyj.finace.activitys.CurrencyConverterView -> com.hzwydyj.finace.activitys.CurrencyConverterView:
    com.hzwydyj.finace.utils.MyLogger log -> g
    java.util.List gprices -> a
    android.view.LayoutInflater mInflater -> h
    android.widget.ListView listview -> i
    android.widget.TextView title -> j
    com.hzwydyj.finace.utils.Util util -> b
    com.hzwydyj.finace.activitys.CurrencyConverterView$MyReceiver receiver -> c
    int[] img_ids -> k
    com.hzwydyj.finace.view.CustomDialog dialog -> d
    com.hzwydyj.finace.activitys.CurrencyConverterView$MygpAdapter adapter -> e
    android.app.ProgressDialog progressDialog -> l
    android.os.Handler handler -> f
    void onStart() -> onStart
    void onStop() -> onStop
    void onDestroy() -> onDestroy
    void onResume() -> onResume
    void onPause() -> onPause
    void onCreate(android.os.Bundle) -> onCreate
    void doTask(java.lang.String) -> a
    void initProgressD() -> a
    void progressD_state(boolean) -> a
    void onClick(android.view.View) -> onClick
    void access$0(com.hzwydyj.finace.activitys.CurrencyConverterView,boolean) -> a
    android.widget.ListView access$1(com.hzwydyj.finace.activitys.CurrencyConverterView) -> a
    android.view.LayoutInflater access$2(com.hzwydyj.finace.activitys.CurrencyConverterView) -> b
    int[] access$3(com.hzwydyj.finace.activitys.CurrencyConverterView) -> c
com.hzwydyj.finace.activitys.CurrencyConverterView$1 -> com.hzwydyj.finace.activitys.a:
    com.hzwydyj.finace.activitys.CurrencyConverterView this$0 -> a
    void handleMessage(android.os.Message) -> handleMessage
...
android.support.v7.internal.view.menu.MenuPopupHelper$MenuAdapter -> android.support.v7.internal.view.menu.v:
    android.support.v7.internal.view.menu.MenuBuilder mAdapterMenu -> b
    int mExpandedIndex -> c
    android.support.v7.internal.view.menu.MenuPopupHelper this$0 -> a
    int getCount() -> getCount
    android.support.v7.internal.view.menu.MenuItemImpl getItem(int) -> a
    long getItemId(int) -> getItemId
    android.view.View getView(int,android.view.View,android.view.ViewGroup) -> getView
    void findExpandedIndex() -> a
    void notifyDataSetChanged() -> notifyDataSetChanged
    java.lang.Object getItem(int) -> getItem
    android.support.v7.internal.view.menu.MenuBuilder access$000(android.support.v7.internal.view.menu.MenuPopupHelper$MenuAdapter) -> a
android.support.v7.internal.view.menu.MenuPresenter -> android.support.v7.internal.view.menu.w:
    void initForMenu(android.content.Context,android.support.v7.internal.view.menu.MenuBuilder) -> a
    void updateMenuView(boolean) -> b
    boolean onSubMenuSelected(android.support.v7.internal.view.menu.SubMenuBuilder) -> a
    void onCloseMenu(android.support.v7.internal.view.menu.MenuBuilder,boolean) -> a
    boolean flagActionItems() -> f
    boolean expandItemActionView(android.support.v7.internal.view.menu.MenuBuilder,android.support.v7.internal.view.menu.MenuItemImpl) -> a
    boolean collapseItemActionView(android.support.v7.internal.view.menu.MenuBuilder,android.support.v7.internal.view.menu.MenuItemImpl) -> b
android.support.v7.internal.view.menu.MenuPresenter$Callback -> android.support.v7.internal.view.menu.x:
    void onCloseMenu(android.support.v7.internal.view.menu.MenuBuilder,boolean) -> a
    boolean onOpenSubMenu(android.support.v7.internal.view.menu.MenuBuilder) -> a
android.support.v7.internal.view.menu.MenuView -> android.support.v7.internal.view.menu.y:
    void initialize(android.support.v7.internal.view.menu.MenuBuilder) -> a
android.support.v7.internal.view.menu.MenuView$ItemView -> android.support.v7.internal.view.menu.z:
    void initialize(android.support.v7.internal.view.menu.MenuItemImpl,int) -> a
    android.support.v7.internal.view.menu.MenuItemImpl getItemData() -> getItemData
    boolean prefersCondensedTitle() -> a
android.support.v7.internal.view.menu.SubMenuBuilder -> android.support.v7.internal.view.menu.aa:
    android.support.v7.internal.view.menu.MenuBuilder mParentMenu -> d
    android.support.v7.internal.view.menu.MenuItemImpl mItem -> e
    void setQwertyMode(boolean) -> setQwertyMode
    boolean isQwertyMode() -> a
    boolean isShortcutsVisible() -> b
    android.view.Menu getParentMenu() -> r
    android.view.MenuItem getItem() -> getItem
    android.support.v7.internal.view.menu.MenuBuilder getRootMenu() -> o
    boolean dispatchMenuItemSelected(android.support.v7.internal.view.menu.MenuBuilder,android.view.MenuItem) -> a
    android.view.SubMenu setIcon(android.graphics.drawable.Drawable) -> setIcon
    android.view.SubMenu setIcon(int) -> setIcon
    android.view.SubMenu setHeaderIcon(android.graphics.drawable.Drawable) -> setHeaderIcon
    android.view.SubMenu setHeaderIcon(int) -> setHeaderIcon
    android.view.SubMenu setHeaderTitle(java.lang.CharSequence) -> setHeaderTitle
    android.view.SubMenu setHeaderTitle(int) -> setHeaderTitle
    android.view.SubMenu setHeaderView(android.view.View) -> setHeaderView
    void clearHeader() -> clearHeader
    boolean expandItemActionView(android.support.v7.internal.view.menu.MenuItemImpl) -> b
    boolean collapseItemActionView(android.support.v7.internal.view.menu.MenuItemImpl) -> c