DaYingJia/proguard/usage.txt
com.hzwydyj.finace.BuildConfig
com.hzwydyj.finace.MyApplication:
    private static final java.lang.String NAME
com.hzwydyj.finace.R:
    10:10:public R()
com.hzwydyj.finace.R$anim
com.hzwydyj.finace.R$array
com.hzwydyj.finace.R$attr
com.hzwydyj.finace.R$color
com.hzwydyj.finace.R$dimen
com.hzwydyj.finace.R$id
com.hzwydyj.finace.R$layout
com.hzwydyj.finace.R$string
com.hzwydyj.finace.R$style
com.hzwydyj.finace.activitys.CurrencyConverterView:
    java.lang.String sel
    java.lang.String ex
    android.content.IntentFilter filter
    320:320:private void changelist(java.lang.String,boolean)
com.hzwydyj.finace.activitys.ETFView$ETF_FragmentAdapter:
    176:184:public java.lang.CharSequence getPageTitle(int)
com.hzwydyj.finace.activitys.GoldShopView$ViewHolder:
    public android.widget.TextView name
    public android.widget.TextView createtime
    public android.widget.TextView change
com.hzwydyj.finace.activitys.KeepDetailView_ViewPager$HD_priceView_Global_FragmentPagerAdapter:
    161:161:public java.lang.CharSequence getPageTitle(int)
com.hzwydyj.finace.activitys.KeepDetailView_ViewPager$MyPagerAdapter
com.hzwydyj.finace.activitys.LogoView:
    105:107:private void getAD(java.lang.String)
    80:80:static synthetic com.hzwydyj.finace.utils.Util access$0(com.hzwydyj.finace.activitys.LogoView)
    79:79:static synthetic com.hzwydyj.finace.utils.TCPtools access$1(com.hzwydyj.finace.activitys.LogoView)
com.hzwydyj.finace.activitys.LogoView$MyTask
com.hzwydyj.finace.activitys.MainActivity:
    private static final int MAIN_TAB_NUMBER
    android.graphics.Bitmap mBitmap
    private static final int EXIT_APP_TIME
    241:242:public static void setHost4()
    245:246:public static void setHost5()
    416:421:private void download_save(java.lang.String)
    431:463:public android.graphics.Bitmap loadImageFromUrl(java.lang.String)
    475:494:public void saveMyBitmap(java.lang.String)
com.hzwydyj.finace.activitys.NewsDetailView_ViewPager$HD_priceView_Global_FragmentPagerAdapter:
    160:160:public java.lang.CharSequence getPageTitle(int)
com.hzwydyj.finace.activitys.NewsDetailView_ViewPager$MyPagerAdapter
com.hzwydyj.finace.activitys.OptionalView:
    private java.lang.String errorMsg
    private java.lang.String type
    private android.view.GestureDetector mGesture
    private com.hzwydyj.finace.data.PriceData timeNow
com.hzwydyj.finace.activitys.PointFocusActivity:
    private android.widget.Button pointUnbind
    private android.widget.Button pointTechnology
    com.hzwydyj.finace.data.PointBean pointBean
    55:55:static synthetic com.hzwydyj.finace.utils.Util access$6(com.hzwydyj.finace.activitys.PointFocusActivity)
com.hzwydyj.finace.activitys.PointPartitionActivity:
    private java.lang.String lastime
    private java.lang.String lastimes
    public android.content.SharedPreferences settings
    170:171:private void geneItems()
com.hzwydyj.finace.activitys.PointTeacherLecture:
    158:158:public void onLoadMore()
com.hzwydyj.finace.activitys.PriceView:
    public static long DOWN1
    private android.widget.Button addBtn
    private android.widget.TextView buylabel
    private android.widget.TextView selllabel
    private java.util.List mData
    private com.hzwydyj.finace.present.view.TimeDataDraw timeDataDraw
    private java.lang.String errorMsg
    android.widget.RadioGroup radioGroup_pricelistbar
com.hzwydyj.finace.activitys.ShiPanBirectSeedingActivity:
    private java.util.ArrayList seedingBeans
    private static final java.lang.String ACTION_NAME
    private int current_position
    private com.j256.ormlite.dao.Dao seedingDao
    113:116:private com.hzwydyj.finace.db.DatabaseHelper getHelper()
    424:424:public void onLoadMore()
com.hzwydyj.finace.activitys.ShiPanBirectSeedingActivity$7:
    private java.lang.String firstId
...
android.support.v4.widget.CursorAdapter$ChangeObserver
android.support.v4.widget.CursorAdapter$MyDataSetObserver
android.support.v4.widget.CursorFilter
android.support.v4.widget.CursorFilter$CursorFilterClient
android.support.v4.widget.DrawerLayout:
    private static final java.lang.String TAG
    public static final int STATE_IDLE
    public static final int STATE_DRAGGING
    public static final int STATE_SETTLING
    public static final int LOCK_MODE_UNLOCKED
    public static final int LOCK_MODE_LOCKED_CLOSED
    public static final int LOCK_MODE_LOCKED_OPEN
    private static final int MIN_DRAWER_MARGIN
    private static final int DEFAULT_SCRIM_COLOR
    private static final int PEEK_DELAY
    private static final int MIN_FLING_VELOCITY
    private static final boolean ALLOW_EDGE_LOCK
    390:395:public void setDrawerLockMode(int,android.view.View)
    405:412:public int getDrawerLockMode(int)
    532:540:void moveDrawerToOffset(android.view.View,float)
    995:1004:public void openDrawer(int)
    1038:1047:public void closeDrawer(int)
    1060:1063:public boolean isDrawerOpen(android.view.View)
    1076:1080:public boolean isDrawerOpen(int)
    1107:1111:public boolean isDrawerVisible(int)
android.support.v4.widget.DrawerLayout$LayoutParams:
    1466:1468:public DrawerLayout$LayoutParams(int,int,int)
android.support.v4.widget.DrawerLayout$SimpleDrawerListener
android.support.v4.widget.EdgeEffectCompat:
    204:204:public boolean onAbsorb(int)
android.support.v4.widget.EdgeEffectCompat$BaseEdgeEffectImpl:
    82:82:public boolean onAbsorb(java.lang.Object,int)
android.support.v4.widget.EdgeEffectCompat$EdgeEffectIcsImpl:
    116:116:public boolean onAbsorb(java.lang.Object,int)
android.support.v4.widget.EdgeEffectCompat$EdgeEffectImpl:
    public abstract boolean onAbsorb(java.lang.Object,int)
android.support.v4.widget.EdgeEffectCompatIcs:
    28:28:EdgeEffectCompatIcs()
    57:58:public static boolean onAbsorb(java.lang.Object,int)
android.support.v4.widget.ResourceCursorAdapter
android.support.v4.widget.ScrollerCompat:
    251:251:public static android.support.v4.widget.ScrollerCompat create(android.content.Context)
    314:314:public float getCurrVelocity()
    341:342:public void startScroll(int,int,int,int)
    382:383:public void fling(int,int,int,int,int,int,int,int)
    410:412:public void fling(int,int,int,int,int,int,int,int,int,int)
    437:438:public void notifyHorizontalEdgeReached(int,int,int)
    454:455:public void notifyVerticalEdgeReached(int,int,int)
    471:471:public boolean isOverScrolled()
android.support.v4.widget.ScrollerCompat$ScrollerCompatImpl:
    public abstract float getCurrVelocity(java.lang.Object)
    public abstract void startScroll(java.lang.Object,int,int,int,int)
    public abstract void fling(java.lang.Object,int,int,int,int,int,int,int,int)
    public abstract void fling(java.lang.Object,int,int,int,int,int,int,int,int,int,int)
    public abstract void notifyHorizontalEdgeReached(java.lang.Object,int,int,int)
    public abstract void notifyVerticalEdgeReached(java.lang.Object,int,int,int)
    public abstract boolean isOverScrolled(java.lang.Object)
android.support.v4.widget.ScrollerCompat$ScrollerCompatImplBase:
    79:79:public float getCurrVelocity(java.lang.Object)
    89:90:public void startScroll(java.lang.Object,int,int,int,int)
    101:102:public void fling(java.lang.Object,int,int,int,int,int,int,int,int)
    107:108:public void fling(java.lang.Object,int,int,int,int,int,int,int,int,int,int)
    119:119:public void notifyHorizontalEdgeReached(java.lang.Object,int,int,int)
    124:124:public void notifyVerticalEdgeReached(java.lang.Object,int,int,int)
    129:129:public boolean isOverScrolled(java.lang.Object)